{"C:\\work\\xpfarm\\kata\\The_Wide-Mouthed_frog\\src\\mountSize.js": {"path":"C:\\work\\xpfarm\\kata\\The_Wide-Mouthed_frog\\src\\mountSize.js","statementMap":{"0":{"start":{"line":4,"column":6},"end":{"line":4,"column":20}},"1":{"start":{"line":8,"column":2},"end":{"line":10,"column":4}}},"fnMap":{"0":{"name":"(anonymous_0)","decl":{"start":{"line":3,"column":4},"end":{"line":3,"column":5}},"loc":{"start":{"line":3,"column":25},"end":{"line":5,"column":5}},"line":3}},"branchMap":{},"s":{"0":1,"1":1},"f":{"0":1},"b":{},"_coverageSchema":"1a1c01bbd47fc00a2c39e90264f33305004495a9","hash":"ae15898de3cd4f8f4282c2961912fa708dec851a"}
}
